2021-11-24 08:50:32,382 - basicLogger - INFO - App Conf File: /config/app_conf.yaml
2021-11-24 08:50:32,392 - basicLogger - INFO - Log Conf File: /config/log_conf.yaml
2021-11-24 08:50:32,944 - basicLogger - INFO - App Conf File: /config/app_conf.yaml
2021-11-24 08:50:32,944 - basicLogger - INFO - Log Conf File: /config/log_conf.yaml
2021-11-24 08:50:41,048 - basicLogger - INFO - Retrieving WF at index 29
2021-11-24 08:50:42,151 - basicLogger - INFO - Retrieving MW at index 61
2021-11-24 08:50:43,168 - basicLogger - ERROR - Could not find WF at index 61
2021-11-24 08:50:45,552 - basicLogger - INFO - Retrieving WF at index 80
2021-11-24 08:50:46,568 - basicLogger - ERROR - Could not find WF at index 80
2021-11-24 08:50:47,635 - basicLogger - INFO - Retrieving MW at index 48
2021-11-24 08:50:50,840 - basicLogger - INFO - Retrieving WF at index 59
2021-11-24 08:50:51,854 - basicLogger - ERROR - Could not find WF at index 59
2021-11-24 08:50:52,864 - basicLogger - INFO - Retrieving MW at index 8
2021-11-24 08:50:56,107 - basicLogger - INFO - Retrieving WF at index 62
2021-11-24 08:50:57,118 - basicLogger - ERROR - Could not find WF at index 62
2021-11-24 08:50:58,136 - basicLogger - INFO - Retrieving MW at index 22
2021-11-24 08:51:01,362 - basicLogger - INFO - Retrieving WF at index 80
2021-11-24 08:51:02,370 - basicLogger - ERROR - Could not find WF at index 80
2021-11-24 08:51:03,395 - basicLogger - INFO - Retrieving MW at index 18
2021-11-24 08:51:06,645 - basicLogger - INFO - Retrieving WF at index 91
2021-11-24 08:51:07,654 - basicLogger - ERROR - Could not find WF at index 91
2021-11-24 08:51:08,629 - basicLogger - INFO - Retrieving MW at index 65
2021-11-24 08:51:09,638 - basicLogger - ERROR - Could not find WF at index 65
2021-11-24 08:51:11,921 - basicLogger - INFO - Retrieving WF at index 59
2021-11-24 08:51:12,928 - basicLogger - ERROR - Could not find WF at index 59
2021-11-24 08:51:13,955 - basicLogger - INFO - Retrieving MW at index 27
2021-11-24 08:51:17,195 - basicLogger - INFO - Retrieving WF at index 93
2021-11-24 08:51:18,204 - basicLogger - ERROR - Could not find WF at index 93
2021-11-24 08:51:19,212 - basicLogger - INFO - Retrieving MW at index 61
2021-11-24 08:51:20,220 - basicLogger - ERROR - Could not find WF at index 61
2021-11-24 08:51:22,503 - basicLogger - INFO - Retrieving WF at index 88
2021-11-24 08:51:23,514 - basicLogger - ERROR - Could not find WF at index 88
2021-11-24 08:51:24,493 - basicLogger - INFO - Retrieving MW at index 85
2021-11-24 08:51:25,502 - basicLogger - ERROR - Could not find WF at index 85
2021-11-24 08:51:27,781 - basicLogger - INFO - Retrieving WF at index 42
2021-11-24 08:51:29,793 - basicLogger - INFO - Retrieving MW at index 2
2021-11-24 08:51:32,077 - basicLogger - INFO - Retrieving WF at index 4
2021-11-24 08:51:34,303 - basicLogger - INFO - Retrieving MW at index 89
2021-11-24 08:51:35,313 - basicLogger - ERROR - Could not find WF at index 89
2021-11-24 08:51:36,519 - basicLogger - INFO - Retrieving WF at index 48
2021-11-24 08:51:39,566 - basicLogger - INFO - Retrieving MW at index 36
2021-11-24 08:51:41,590 - basicLogger - INFO - Retrieving WF at index 8
2021-11-24 08:51:43,856 - basicLogger - INFO - Retrieving MW at index 1
2021-11-24 08:51:46,018 - basicLogger - INFO - Retrieving WF at index 94
2021-11-24 08:51:47,031 - basicLogger - ERROR - Could not find WF at index 94
2021-11-24 08:51:48,274 - basicLogger - INFO - Retrieving MW at index 20
2021-11-24 08:51:51,280 - basicLogger - INFO - Retrieving WF at index 60
2021-11-24 08:51:52,290 - basicLogger - ERROR - Could not find WF at index 60
2021-11-24 08:51:53,304 - basicLogger - INFO - Retrieving MW at index 24
2021-11-24 08:51:56,547 - basicLogger - INFO - Retrieving WF at index 47
2021-11-24 08:51:58,589 - basicLogger - INFO - Retrieving MW at index 90
2021-11-24 08:51:59,596 - basicLogger - ERROR - Could not find WF at index 90
2021-11-24 08:52:00,806 - basicLogger - INFO - Retrieving WF at index 73
2021-11-24 08:52:01,815 - basicLogger - ERROR - Could not find WF at index 73
2021-11-24 08:52:03,863 - basicLogger - INFO - Retrieving MW at index 88
2021-11-24 08:52:04,872 - basicLogger - ERROR - Could not find WF at index 88
2021-11-24 08:52:06,064 - basicLogger - INFO - Retrieving WF at index 21
2021-11-24 08:52:09,151 - basicLogger - INFO - Retrieving MW at index 31
2021-11-24 08:52:11,131 - basicLogger - INFO - Retrieving WF at index 97
2021-11-24 08:52:12,148 - basicLogger - ERROR - Could not find WF at index 97
2021-11-24 08:52:13,407 - basicLogger - INFO - Retrieving MW at index 94
2021-11-24 08:52:14,414 - basicLogger - ERROR - Could not find WF at index 94
2021-11-24 08:52:16,453 - basicLogger - INFO - Retrieving WF at index 21
2021-11-24 08:52:18,680 - basicLogger - INFO - Retrieving MW at index 33
2021-11-24 08:52:20,747 - basicLogger - INFO - Retrieving WF at index 58
2021-11-24 08:52:21,756 - basicLogger - ERROR - Could not find WF at index 58
2021-11-24 08:52:22,950 - basicLogger - INFO - Retrieving MW at index 4
2021-11-24 08:52:26,028 - basicLogger - INFO - Retrieving WF at index 95
2021-11-24 08:52:27,035 - basicLogger - ERROR - Could not find WF at index 95
2021-11-24 08:52:28,053 - basicLogger - INFO - Retrieving MW at index 2
2021-11-24 08:52:31,306 - basicLogger - INFO - Retrieving WF at index 18
2021-11-24 08:52:33,338 - basicLogger - INFO - Retrieving MW at index 68
2021-11-24 08:52:34,346 - basicLogger - ERROR - Could not find WF at index 68
2021-11-24 08:52:35,601 - basicLogger - INFO - Retrieving WF at index 32
2021-11-24 08:52:38,619 - basicLogger - INFO - Retrieving MW at index 78
2021-11-24 08:52:39,628 - basicLogger - ERROR - Could not find WF at index 78
2021-11-24 08:52:40,630 - basicLogger - INFO - Retrieving WF at index 53
2021-11-24 08:52:41,637 - basicLogger - ERROR - Could not find WF at index 53
2021-11-24 08:52:43,911 - basicLogger - INFO - Retrieving MW at index 22
2021-11-24 08:52:45,904 - basicLogger - INFO - Retrieving WF at index 17
2021-11-24 08:52:48,183 - basicLogger - INFO - Retrieving MW at index 17
2021-11-24 08:52:50,353 - basicLogger - INFO - Retrieving WF at index 4
2021-11-24 08:52:52,612 - basicLogger - INFO - Retrieving MW at index 61
2021-11-24 08:52:53,622 - basicLogger - ERROR - Could not find WF at index 61
2021-11-24 08:52:54,831 - basicLogger - INFO - Retrieving WF at index 13
2021-11-24 08:52:57,899 - basicLogger - INFO - Retrieving MW at index 73
2021-11-24 08:52:58,907 - basicLogger - ERROR - Could not find WF at index 73
2021-11-24 08:52:59,920 - basicLogger - INFO - Retrieving WF at index 19
2021-11-24 08:53:03,196 - basicLogger - INFO - Retrieving MW at index 6
2021-11-24 08:53:05,200 - basicLogger - INFO - Retrieving WF at index 11
2021-11-24 08:53:07,460 - basicLogger - INFO - Retrieving MW at index 49
2021-11-24 08:53:09,683 - basicLogger - INFO - Retrieving WF at index 48
2021-11-24 08:53:11,974 - basicLogger - INFO - Retrieving MW at index 41
2021-11-24 08:53:14,194 - basicLogger - INFO - Retrieving WF at index 43
2021-11-24 08:53:16,525 - basicLogger - INFO - Retrieving MW at index 61
2021-11-24 08:53:17,533 - basicLogger - ERROR - Could not find WF at index 61
2021-11-24 08:53:18,695 - basicLogger - INFO - Retrieving WF at index 56
2021-11-24 08:53:19,702 - basicLogger - ERROR - Could not find WF at index 56
2021-11-24 08:53:22,718 - basicLogger - INFO - Retrieving MW at index 72
2021-11-24 08:53:23,725 - basicLogger - ERROR - Could not find WF at index 72
2021-11-24 08:53:25,782 - basicLogger - INFO - Retrieving WF at index 68
2021-11-24 08:53:26,789 - basicLogger - ERROR - Could not find WF at index 68
2021-11-24 08:53:29,854 - basicLogger - INFO - Retrieving MW at index 76
2021-11-24 08:53:30,861 - basicLogger - ERROR - Could not find WF at index 76
2021-11-24 08:53:33,058 - basicLogger - INFO - Retrieving WF at index 67
2021-11-24 08:53:34,066 - basicLogger - ERROR - Could not find WF at index 67
2021-11-24 08:53:35,704 - basicLogger - INFO - Retrieving MW at index 37
2021-11-24 08:53:38,339 - basicLogger - INFO - Retrieving WF at index 99
2021-11-24 08:53:39,346 - basicLogger - ERROR - Could not find WF at index 99
2021-11-24 08:53:40,357 - basicLogger - INFO - Retrieving MW at index 78
2021-11-24 08:53:41,365 - basicLogger - ERROR - Could not find WF at index 78
2021-11-24 08:53:43,731 - basicLogger - INFO - Retrieving WF at index 82
2021-11-24 08:53:44,737 - basicLogger - ERROR - Could not find WF at index 82
2021-11-24 08:53:45,722 - basicLogger - INFO - Retrieving MW at index 24
2021-11-24 08:53:49,041 - basicLogger - INFO - Retrieving WF at index 14
2021-11-24 08:53:50,110 - basicLogger - INFO - Retrieving MW at index 57
2021-11-24 08:53:51,119 - basicLogger - ERROR - Could not find WF at index 57
2021-11-24 08:53:53,478 - basicLogger - INFO - Retrieving WF at index 20
2021-11-24 08:53:58,665 - basicLogger - INFO - Retrieving MW at index 46
2021-11-24 08:53:59,149 - basicLogger - INFO - Retrieving WF at index 1
2021-11-24 08:54:03,203 - basicLogger - INFO - Retrieving MW at index 50
2021-11-24 08:54:04,210 - basicLogger - ERROR - Could not find WF at index 50
2021-11-24 08:54:04,245 - basicLogger - INFO - Retrieving WF at index 90
2021-11-24 08:54:05,252 - basicLogger - ERROR - Could not find WF at index 90
2021-11-24 08:54:08,491 - basicLogger - INFO - Retrieving MW at index 44
2021-11-24 08:54:09,510 - basicLogger - INFO - Retrieving WF at index 80
2021-11-24 08:54:10,521 - basicLogger - ERROR - Could not find WF at index 80
2021-11-24 08:54:12,765 - basicLogger - INFO - Retrieving MW at index 16
2021-11-24 08:54:15,001 - basicLogger - INFO - Retrieving WF at index 88
2021-11-24 08:54:16,009 - basicLogger - ERROR - Could not find WF at index 88
2021-11-24 08:54:17,213 - basicLogger - INFO - Retrieving MW at index 44
2021-11-24 08:54:20,265 - basicLogger - INFO - Retrieving WF at index 21
2021-11-24 08:54:22,305 - basicLogger - INFO - Retrieving MW at index 50
2021-11-24 08:54:23,317 - basicLogger - ERROR - Could not find WF at index 50
2021-11-24 08:54:24,537 - basicLogger - INFO - Retrieving WF at index 81
2021-11-24 08:54:25,543 - basicLogger - ERROR - Could not find WF at index 81
2021-11-24 08:54:27,658 - basicLogger - INFO - Retrieving MW at index 44
2021-11-24 08:54:29,812 - basicLogger - INFO - Retrieving WF at index 96
2021-11-24 08:54:30,819 - basicLogger - ERROR - Could not find WF at index 96
2021-11-24 08:54:31,978 - basicLogger - INFO - Retrieving MW at index 71
2021-11-24 08:54:32,985 - basicLogger - ERROR - Could not find WF at index 71
2021-11-24 08:54:35,078 - basicLogger - INFO - Retrieving WF at index 77
2021-11-24 08:54:36,086 - basicLogger - ERROR - Could not find WF at index 77
2021-11-24 08:54:37,251 - basicLogger - INFO - Retrieving MW at index 91
2021-11-24 08:54:38,257 - basicLogger - ERROR - Could not find WF at index 91
2021-11-24 08:54:40,368 - basicLogger - INFO - Retrieving WF at index 22
2021-11-24 08:54:42,508 - basicLogger - INFO - Retrieving MW at index 12
2021-11-24 08:54:44,660 - basicLogger - INFO - Retrieving WF at index 49
2021-11-24 08:54:46,855 - basicLogger - INFO - Retrieving MW at index 95
2021-11-24 08:54:47,861 - basicLogger - ERROR - Could not find WF at index 95
2021-11-24 08:54:49,099 - basicLogger - INFO - Retrieving WF at index 29
2021-11-24 08:54:52,159 - basicLogger - INFO - Retrieving MW at index 66
2021-11-24 08:54:53,167 - basicLogger - ERROR - Could not find WF at index 66
2021-11-24 08:54:54,158 - basicLogger - INFO - Retrieving WF at index 2
2021-11-24 08:54:57,455 - basicLogger - INFO - Retrieving MW at index 11
2021-11-24 08:54:58,447 - basicLogger - INFO - Retrieving WF at index 50
2021-11-24 08:54:59,455 - basicLogger - ERROR - Could not find WF at index 50
2021-11-24 08:55:01,735 - basicLogger - INFO - Retrieving MW at index 84
2021-11-24 08:55:02,741 - basicLogger - ERROR - Could not find WF at index 84
2021-11-24 08:55:03,965 - basicLogger - INFO - Retrieving WF at index 59
2021-11-24 08:55:04,974 - basicLogger - ERROR - Could not find WF at index 59
2021-11-24 08:55:07,334 - basicLogger - INFO - Retrieving MW at index 51
2021-11-24 08:55:08,340 - basicLogger - ERROR - Could not find WF at index 51
2021-11-24 08:55:09,232 - basicLogger - INFO - Retrieving WF at index 91
2021-11-24 08:55:10,239 - basicLogger - ERROR - Could not find WF at index 91
2021-11-24 08:55:13,538 - basicLogger - INFO - Retrieving MW at index 28
2021-11-24 08:55:14,578 - basicLogger - INFO - Retrieving WF at index 94
2021-11-24 08:55:15,587 - basicLogger - ERROR - Could not find WF at index 94
2021-11-24 08:55:17,808 - basicLogger - INFO - Retrieving MW at index 29
2021-11-24 08:55:19,843 - basicLogger - INFO - Retrieving WF at index 84
2021-11-24 08:55:20,851 - basicLogger - ERROR - Could not find WF at index 84
2021-11-24 08:55:22,081 - basicLogger - INFO - Retrieving MW at index 94
2021-11-24 08:55:23,092 - basicLogger - ERROR - Could not find WF at index 94
2021-11-24 08:55:25,130 - basicLogger - INFO - Retrieving WF at index 62
2021-11-24 08:55:26,136 - basicLogger - ERROR - Could not find WF at index 62
2021-11-24 08:55:27,355 - basicLogger - INFO - Retrieving MW at index 39
2021-11-24 08:55:30,411 - basicLogger - INFO - Retrieving WF at index 14
2021-11-24 08:55:32,457 - basicLogger - INFO - Retrieving MW at index 76
2021-11-24 08:55:33,465 - basicLogger - ERROR - Could not find WF at index 76
2021-11-24 08:55:34,770 - basicLogger - INFO - Retrieving WF at index 95
2021-11-24 08:55:35,778 - basicLogger - ERROR - Could not find WF at index 95
2021-11-24 08:55:37,747 - basicLogger - INFO - Retrieving MW at index 29
2021-11-24 08:55:40,086 - basicLogger - INFO - Retrieving WF at index 72
2021-11-24 08:55:41,093 - basicLogger - ERROR - Could not find WF at index 72
2021-11-24 08:55:42,090 - basicLogger - INFO - Retrieving MW at index 59
2021-11-24 08:55:43,096 - basicLogger - ERROR - Could not find WF at index 59
2021-11-24 08:55:45,369 - basicLogger - INFO - Retrieving WF at index 22
2021-11-24 08:55:47,396 - basicLogger - INFO - Retrieving MW at index 6
2021-11-24 08:55:49,645 - basicLogger - INFO - Retrieving WF at index 92
2021-11-24 08:55:50,653 - basicLogger - ERROR - Could not find WF at index 92
2021-11-24 08:55:51,860 - basicLogger - INFO - Retrieving MW at index 10
2021-11-24 08:55:54,903 - basicLogger - INFO - Retrieving WF at index 98
2021-11-24 08:55:55,911 - basicLogger - ERROR - Could not find WF at index 98
2021-11-24 08:55:56,937 - basicLogger - INFO - Retrieving MW at index 53
2021-11-24 08:55:57,944 - basicLogger - ERROR - Could not find WF at index 53
2021-11-24 08:56:00,190 - basicLogger - INFO - Retrieving WF at index 7
2021-11-24 08:56:02,215 - basicLogger - INFO - Retrieving MW at index 37
2021-11-24 08:56:04,453 - basicLogger - INFO - Retrieving WF at index 90
2021-11-24 08:56:05,461 - basicLogger - ERROR - Could not find WF at index 90
2021-11-24 08:56:06,677 - basicLogger - INFO - Retrieving MW at index 15
2021-11-24 08:56:09,730 - basicLogger - INFO - Retrieving WF at index 23
2021-11-24 08:56:11,762 - basicLogger - INFO - Retrieving MW at index 64
2021-11-24 08:56:12,769 - basicLogger - ERROR - Could not find WF at index 64
2021-11-24 08:56:14,038 - basicLogger - INFO - Retrieving WF at index 20
2021-11-24 08:56:17,032 - basicLogger - INFO - Retrieving MW at index 94
2021-11-24 08:56:18,039 - basicLogger - ERROR - Could not find WF at index 94
2021-11-24 08:56:19,121 - basicLogger - INFO - Retrieving WF at index 38
2021-11-24 08:56:22,330 - basicLogger - INFO - Retrieving MW at index 90
2021-11-24 08:56:23,346 - basicLogger - ERROR - Could not find WF at index 90
2021-11-24 08:56:24,317 - basicLogger - INFO - Retrieving WF at index 9
2021-11-24 08:56:27,595 - basicLogger - INFO - Retrieving MW at index 61
2021-11-24 08:56:28,602 - basicLogger - ERROR - Could not find WF at index 61
2021-11-24 08:56:28,627 - basicLogger - INFO - Retrieving WF at index 26
2021-11-24 08:56:32,870 - basicLogger - INFO - Retrieving MW at index 29
2021-11-24 08:56:33,887 - basicLogger - INFO - Retrieving WF at index 57
2021-11-24 08:56:34,895 - basicLogger - ERROR - Could not find WF at index 57
2021-11-24 08:56:37,131 - basicLogger - INFO - Retrieving MW at index 51
2021-11-24 08:56:38,139 - basicLogger - ERROR - Could not find WF at index 51
2021-11-24 08:56:39,517 - basicLogger - INFO - Retrieving WF at index 19
2021-11-24 08:56:42,409 - basicLogger - INFO - Retrieving MW at index 67
2021-11-24 08:56:43,417 - basicLogger - ERROR - Could not find WF at index 67
2021-11-24 08:56:44,525 - basicLogger - INFO - Retrieving WF at index 98
2021-11-24 08:56:45,532 - basicLogger - ERROR - Could not find WF at index 98
2021-11-24 08:56:47,687 - basicLogger - INFO - Retrieving MW at index 42
2021-11-24 08:56:49,872 - basicLogger - INFO - Retrieving WF at index 62
2021-11-24 08:56:50,880 - basicLogger - ERROR - Could not find WF at index 62
2021-11-24 08:56:51,964 - basicLogger - INFO - Retrieving MW at index 71
2021-11-24 08:56:52,971 - basicLogger - ERROR - Could not find WF at index 71
2021-11-24 08:56:55,161 - basicLogger - INFO - Retrieving WF at index 71
2021-11-24 08:56:56,169 - basicLogger - ERROR - Could not find WF at index 71
2021-11-24 08:56:57,238 - basicLogger - INFO - Retrieving MW at index 99
2021-11-24 08:56:58,249 - basicLogger - ERROR - Could not find WF at index 99
2021-11-24 08:57:00,440 - basicLogger - INFO - Retrieving WF at index 81
2021-11-24 08:57:01,447 - basicLogger - ERROR - Could not find WF at index 81
2021-11-24 08:57:02,547 - basicLogger - INFO - Retrieving MW at index 51
2021-11-24 08:57:03,555 - basicLogger - ERROR - Could not find WF at index 51
2021-11-24 08:57:05,715 - basicLogger - INFO - Retrieving WF at index 63
2021-11-24 08:57:06,723 - basicLogger - ERROR - Could not find WF at index 63
2021-11-24 08:57:07,808 - basicLogger - INFO - Retrieving MW at index 31
2021-11-24 08:57:10,990 - basicLogger - INFO - Retrieving WF at index 23
2021-11-24 08:57:13,027 - basicLogger - INFO - Retrieving MW at index 55
2021-11-24 08:57:14,034 - basicLogger - ERROR - Could not find WF at index 55
2021-11-24 08:57:15,274 - basicLogger - INFO - Retrieving WF at index 44
2021-11-24 08:57:18,389 - basicLogger - INFO - Retrieving MW at index 18
2021-11-24 08:57:23,541 - basicLogger - INFO - Retrieving WF at index 29
2021-11-24 08:57:23,847 - basicLogger - INFO - Retrieving MW at index 37
2021-11-24 08:57:27,852 - basicLogger - INFO - Retrieving WF at index 93
2021-11-24 08:57:28,859 - basicLogger - ERROR - Could not find WF at index 93
2021-11-24 08:57:28,890 - basicLogger - INFO - Retrieving MW at index 45
2021-11-24 08:57:33,083 - basicLogger - INFO - Retrieving WF at index 49
2021-11-24 08:57:34,136 - basicLogger - INFO - Retrieving MW at index 39
2021-11-24 08:57:37,427 - basicLogger - INFO - Retrieving WF at index 9
2021-11-24 08:57:38,440 - basicLogger - INFO - Retrieving MW at index 0
2021-11-24 08:57:41,709 - basicLogger - INFO - Retrieving WF at index 79
2021-11-24 08:57:42,715 - basicLogger - ERROR - Could not find WF at index 79
2021-11-24 08:57:42,743 - basicLogger - INFO - Retrieving MW at index 81
2021-11-24 08:57:43,749 - basicLogger - ERROR - Could not find WF at index 81
2021-11-24 08:57:47,003 - basicLogger - INFO - Retrieving WF at index 85
2021-11-24 08:57:48,010 - basicLogger - ERROR - Could not find WF at index 85
2021-11-24 08:57:49,043 - basicLogger - INFO - Retrieving MW at index 0
2021-11-24 08:57:52,304 - basicLogger - INFO - Retrieving WF at index 22
2021-11-24 08:57:54,308 - basicLogger - INFO - Retrieving MW at index 20
2021-11-24 08:57:56,554 - basicLogger - INFO - Retrieving WF at index 12
2021-11-24 08:57:58,788 - basicLogger - INFO - Retrieving MW at index 25
2021-11-24 08:58:01,008 - basicLogger - INFO - Retrieving WF at index 27
2021-11-24 08:58:03,306 - basicLogger - INFO - Retrieving MW at index 4
2021-11-24 08:58:05,512 - basicLogger - INFO - Retrieving WF at index 55
2021-11-24 08:58:06,519 - basicLogger - ERROR - Could not find WF at index 55
2021-11-24 08:58:07,748 - basicLogger - INFO - Retrieving MW at index 38
2021-11-24 08:58:10,805 - basicLogger - INFO - Retrieving WF at index 84
2021-11-24 08:58:11,812 - basicLogger - ERROR - Could not find WF at index 84
2021-11-24 08:58:12,818 - basicLogger - INFO - Retrieving MW at index 83
2021-11-24 08:58:13,826 - basicLogger - ERROR - Could not find WF at index 83
2021-11-24 08:58:16,131 - basicLogger - INFO - Retrieving WF at index 9
2021-11-24 08:58:18,119 - basicLogger - INFO - Retrieving MW at index 30
2021-11-24 08:58:22,014 - basicLogger - INFO - Retrieving WF at index 31
2021-11-24 08:58:22,444 - basicLogger - INFO - Retrieving MW at index 90
2021-11-24 08:58:23,452 - basicLogger - ERROR - Could not find WF at index 90
2021-11-24 09:02:20,220 - basicLogger - INFO - App Conf File: /config/app_conf.yaml
2021-11-24 09:02:20,228 - basicLogger - INFO - Log Conf File: /config/log_conf.yaml
2021-11-24 09:02:20,608 - basicLogger - INFO - App Conf File: /config/app_conf.yaml
2021-11-24 09:02:20,608 - basicLogger - INFO - Log Conf File: /config/log_conf.yaml
2021-11-24 09:02:28,131 - basicLogger - INFO - Retrieving WF at index 73
2021-11-24 09:02:28,726 - basicLogger - INFO - Retrieving MW at index 93
2021-11-24 09:02:29,352 - basicLogger - ERROR - Could not find WF at index 73
2021-11-24 09:02:29,744 - basicLogger - ERROR - Could not find WF at index 93
2021-11-24 09:02:33,632 - basicLogger - INFO - Retrieving WF at index 11
2021-11-24 09:02:34,632 - basicLogger - INFO - Retrieving MW at index 96
2021-11-24 09:02:35,657 - basicLogger - ERROR - Could not find WF at index 96
2021-11-24 09:02:37,942 - basicLogger - INFO - Retrieving WF at index 70
2021-11-24 09:02:38,951 - basicLogger - ERROR - Could not find WF at index 70
2021-11-24 09:02:40,188 - basicLogger - INFO - Retrieving MW at index 53
2021-11-24 09:02:41,199 - basicLogger - ERROR - Could not find WF at index 53
2021-11-24 09:02:43,215 - basicLogger - INFO - Retrieving WF at index 73
2021-11-24 09:02:44,225 - basicLogger - ERROR - Could not find WF at index 73
2021-11-24 09:02:45,460 - basicLogger - INFO - Retrieving MW at index 7
2021-11-24 09:02:48,492 - basicLogger - INFO - Retrieving WF at index 15
2021-11-24 09:02:50,499 - basicLogger - INFO - Retrieving MW at index 68
2021-11-24 09:02:51,507 - basicLogger - ERROR - Could not find WF at index 68
2021-11-24 09:02:52,748 - basicLogger - INFO - Retrieving WF at index 67
2021-11-24 09:02:53,757 - basicLogger - ERROR - Could not find WF at index 67
2021-11-24 09:02:55,779 - basicLogger - INFO - Retrieving MW at index 19
2021-11-24 09:02:58,015 - basicLogger - INFO - Retrieving WF at index 94
2021-11-24 09:02:59,026 - basicLogger - ERROR - Could not find WF at index 94
2021-11-24 09:03:00,040 - basicLogger - INFO - Retrieving MW at index 54
2021-11-24 09:03:01,049 - basicLogger - ERROR - Could not find WF at index 54
2021-11-24 09:03:03,319 - basicLogger - INFO - Retrieving WF at index 41
2021-11-24 09:03:05,342 - basicLogger - INFO - Retrieving MW at index 47
2021-11-24 09:03:07,609 - basicLogger - INFO - Retrieving WF at index 6
2021-11-24 09:03:09,829 - basicLogger - INFO - Retrieving MW at index 38
2021-11-24 09:03:12,111 - basicLogger - INFO - Retrieving WF at index 74
2021-11-24 09:03:13,118 - basicLogger - ERROR - Could not find WF at index 74
2021-11-24 09:03:14,355 - basicLogger - INFO - Retrieving MW at index 52
2021-11-24 09:03:15,363 - basicLogger - ERROR - Could not find WF at index 52
2021-11-24 09:03:17,466 - basicLogger - INFO - Retrieving WF at index 91
2021-11-24 09:03:18,474 - basicLogger - ERROR - Could not find WF at index 91
2021-11-24 09:03:19,634 - basicLogger - INFO - Retrieving MW at index 93
2021-11-24 09:03:20,642 - basicLogger - ERROR - Could not find WF at index 93
2021-11-24 09:03:22,748 - basicLogger - INFO - Retrieving WF at index 51
2021-11-24 09:03:23,755 - basicLogger - ERROR - Could not find WF at index 51
2021-11-24 09:03:24,931 - basicLogger - INFO - Retrieving MW at index 72
2021-11-24 09:03:25,940 - basicLogger - ERROR - Could not find WF at index 72
2021-11-24 09:03:28,027 - basicLogger - INFO - Retrieving WF at index 27
2021-11-24 09:03:30,208 - basicLogger - INFO - Retrieving MW at index 54
2021-11-24 09:03:31,215 - basicLogger - ERROR - Could not find WF at index 54
2021-11-24 09:03:32,279 - basicLogger - INFO - Retrieving WF at index 26
2021-11-24 09:03:35,480 - basicLogger - INFO - Retrieving MW at index 69
2021-11-24 09:03:36,487 - basicLogger - ERROR - Could not find WF at index 69
2021-11-24 09:03:37,478 - basicLogger - INFO - Retrieving WF at index 9
2021-11-24 09:03:40,744 - basicLogger - INFO - Retrieving MW at index 50
2021-11-24 09:03:41,751 - basicLogger - ERROR - Could not find WF at index 50
2021-11-24 09:03:41,779 - basicLogger - INFO - Retrieving WF at index 23
2021-11-24 09:03:46,051 - basicLogger - INFO - Retrieving MW at index 24
2021-11-24 09:03:47,057 - basicLogger - INFO - Retrieving WF at index 41
2021-11-24 09:03:50,349 - basicLogger - INFO - Retrieving MW at index 73
2021-11-24 09:03:51,345 - basicLogger - INFO - Retrieving WF at index 38
2021-11-24 09:03:51,360 - basicLogger - ERROR - Could not find WF at index 73
2021-11-24 09:03:55,628 - basicLogger - INFO - Retrieving WF at index 9
2021-11-24 09:03:56,671 - basicLogger - INFO - Retrieving MW at index 0
2021-11-24 09:04:00,857 - basicLogger - INFO - Retrieving WF at index 62
2021-11-24 09:04:01,865 - basicLogger - ERROR - Could not find WF at index 62
2021-11-24 09:04:01,868 - basicLogger - INFO - Retrieving MW at index 29
2021-11-24 09:04:06,129 - basicLogger - INFO - Retrieving WF at index 21
2021-11-24 09:04:07,171 - basicLogger - INFO - Retrieving MW at index 7
2021-11-24 09:04:10,442 - basicLogger - INFO - Retrieving WF at index 19
2021-11-24 09:04:11,459 - basicLogger - INFO - Retrieving MW at index 50
2021-11-24 09:04:12,466 - basicLogger - ERROR - Could not find WF at index 50
2021-11-24 09:04:14,698 - basicLogger - INFO - Retrieving WF at index 35
2021-11-24 09:04:16,735 - basicLogger - INFO - Retrieving MW at index 39
2021-11-24 09:04:18,982 - basicLogger - INFO - Retrieving WF at index 74
2021-11-24 09:04:19,989 - basicLogger - ERROR - Could not find WF at index 74
2021-11-24 09:04:21,219 - basicLogger - INFO - Retrieving MW at index 45
2021-11-24 09:04:24,255 - basicLogger - INFO - Retrieving WF at index 78
2021-11-24 09:04:25,263 - basicLogger - ERROR - Could not find WF at index 78
2021-11-24 09:04:26,257 - basicLogger - INFO - Retrieving MW at index 77
2021-11-24 09:04:27,266 - basicLogger - ERROR - Could not find WF at index 77
2021-11-24 09:04:29,526 - basicLogger - INFO - Retrieving WF at index 14
2021-11-24 09:04:31,533 - basicLogger - INFO - Retrieving MW at index 20
2021-11-24 09:04:33,780 - basicLogger - INFO - Retrieving WF at index 8
2021-11-24 09:04:36,018 - basicLogger - INFO - Retrieving MW at index 6
2021-11-24 09:04:38,260 - basicLogger - INFO - Retrieving WF at index 58
2021-11-24 09:04:39,281 - basicLogger - ERROR - Could not find WF at index 58
2021-11-24 09:04:40,493 - basicLogger - INFO - Retrieving MW at index 4
2021-11-24 09:04:43,514 - basicLogger - INFO - Retrieving WF at index 60
2021-11-24 09:04:44,521 - basicLogger - ERROR - Could not find WF at index 60
2021-11-24 09:04:45,534 - basicLogger - INFO - Retrieving MW at index 71
2021-11-24 09:04:46,540 - basicLogger - ERROR - Could not find WF at index 71
2021-11-24 09:04:48,837 - basicLogger - INFO - Retrieving WF at index 65
2021-11-24 09:04:49,843 - basicLogger - ERROR - Could not find WF at index 65
2021-11-24 09:04:50,833 - basicLogger - INFO - Retrieving MW at index 69
2021-11-24 09:04:51,840 - basicLogger - ERROR - Could not find WF at index 69
2021-11-24 09:04:54,109 - basicLogger - INFO - Retrieving WF at index 56
2021-11-24 09:04:55,117 - basicLogger - ERROR - Could not find WF at index 56
2021-11-24 09:04:56,121 - basicLogger - INFO - Retrieving MW at index 92
2021-11-24 09:04:57,129 - basicLogger - ERROR - Could not find WF at index 92
2021-11-24 09:04:59,408 - basicLogger - INFO - Retrieving WF at index 92
2021-11-24 09:05:00,415 - basicLogger - ERROR - Could not find WF at index 92
2021-11-24 09:05:01,422 - basicLogger - INFO - Retrieving MW at index 23
2021-11-24 09:05:04,650 - basicLogger - INFO - Retrieving WF at index 56
2021-11-24 09:05:05,658 - basicLogger - ERROR - Could not find WF at index 56
2021-11-24 09:05:06,683 - basicLogger - INFO - Retrieving MW at index 8
2021-11-24 09:05:09,907 - basicLogger - INFO - Retrieving WF at index 97
2021-11-24 09:05:10,917 - basicLogger - ERROR - Could not find WF at index 97
2021-11-24 09:05:11,948 - basicLogger - INFO - Retrieving MW at index 94
2021-11-24 09:05:12,957 - basicLogger - ERROR - Could not find WF at index 94
2021-11-24 09:05:15,178 - basicLogger - INFO - Retrieving WF at index 31
2021-11-24 09:05:17,229 - basicLogger - INFO - Retrieving MW at index 79
2021-11-24 09:05:18,236 - basicLogger - ERROR - Could not find WF at index 79
2021-11-24 09:05:19,446 - basicLogger - INFO - Retrieving WF at index 10
2021-11-24 09:05:22,545 - basicLogger - INFO - Retrieving MW at index 98
2021-11-24 09:05:23,555 - basicLogger - ERROR - Could not find WF at index 98
2021-11-24 09:05:24,537 - basicLogger - INFO - Retrieving WF at index 19
2021-11-24 09:05:27,843 - basicLogger - INFO - Retrieving MW at index 8
2021-11-24 09:05:28,865 - basicLogger - INFO - Retrieving WF at index 55
2021-11-24 09:05:29,872 - basicLogger - ERROR - Could not find WF at index 55
2021-11-24 09:05:32,127 - basicLogger - INFO - Retrieving MW at index 47
2021-11-24 09:05:34,365 - basicLogger - INFO - Retrieving WF at index 96
2021-11-24 09:05:35,373 - basicLogger - ERROR - Could not find WF at index 96
2021-11-24 09:05:36,620 - basicLogger - INFO - Retrieving MW at index 4
2021-11-24 09:05:39,663 - basicLogger - INFO - Retrieving WF at index 9
2021-11-24 09:05:41,651 - basicLogger - INFO - Retrieving MW at index 91
2021-11-24 09:05:42,657 - basicLogger - ERROR - Could not find WF at index 91
2021-11-24 09:05:43,921 - basicLogger - INFO - Retrieving WF at index 15
2021-11-24 09:05:46,936 - basicLogger - INFO - Retrieving MW at index 40
2021-11-24 09:05:48,930 - basicLogger - INFO - Retrieving WF at index 75
2021-11-24 09:05:49,937 - basicLogger - ERROR - Could not find WF at index 75
2021-11-24 09:05:51,205 - basicLogger - INFO - Retrieving MW at index 7
2021-11-24 09:05:54,211 - basicLogger - INFO - Retrieving WF at index 53
2021-11-24 09:05:55,218 - basicLogger - ERROR - Could not find WF at index 53
2021-11-24 09:05:56,206 - basicLogger - INFO - Retrieving MW at index 43
2021-11-24 09:05:59,488 - basicLogger - INFO - Retrieving WF at index 35
2021-11-24 09:06:00,501 - basicLogger - INFO - Retrieving MW at index 71
2021-11-24 09:06:01,511 - basicLogger - ERROR - Could not find WF at index 71
2021-11-24 09:06:03,757 - basicLogger - INFO - Retrieving WF at index 31
2021-11-24 09:06:05,960 - basicLogger - INFO - Retrieving MW at index 96
2021-11-24 09:06:06,968 - basicLogger - ERROR - Could not find WF at index 96
2021-11-24 09:06:08,206 - basicLogger - INFO - Retrieving WF at index 64
2021-11-24 09:06:09,215 - basicLogger - ERROR - Could not find WF at index 64
2021-11-24 09:06:11,257 - basicLogger - INFO - Retrieving MW at index 24
2021-11-24 09:06:13,473 - basicLogger - INFO - Retrieving WF at index 75
2021-11-24 09:06:14,482 - basicLogger - ERROR - Could not find WF at index 75
2021-11-24 09:06:15,666 - basicLogger - INFO - Retrieving MW at index 41
2021-11-24 09:06:18,743 - basicLogger - INFO - Retrieving WF at index 96
2021-11-24 09:06:19,750 - basicLogger - ERROR - Could not find WF at index 96
2021-11-24 09:06:20,740 - basicLogger - INFO - Retrieving MW at index 71
2021-11-24 09:06:21,746 - basicLogger - ERROR - Could not find WF at index 71
2021-11-24 09:08:36,991 - basicLogger - INFO - App Conf File: /config/app_conf.yaml
2021-11-24 09:08:37,008 - basicLogger - INFO - Log Conf File: /config/log_conf.yaml
2021-11-24 09:08:37,710 - basicLogger - INFO - App Conf File: /config/app_conf.yaml
2021-11-24 09:08:37,711 - basicLogger - INFO - Log Conf File: /config/log_conf.yaml
2021-11-24 09:08:43,607 - basicLogger - INFO - Retrieving MW at index 39
2021-11-24 09:08:44,080 - basicLogger - INFO - Retrieving WF at index 23
2021-11-24 09:08:44,608 - basicLogger - ERROR - Could not find WF at index 39
2021-11-24 09:08:45,080 - basicLogger - ERROR - Could not find WF at index 23
2021-11-24 09:08:49,628 - basicLogger - INFO - Retrieving MW at index 13
2021-11-24 09:08:49,641 - basicLogger - INFO - Retrieving WF at index 94
2021-11-24 09:08:50,629 - basicLogger - ERROR - Could not find WF at index 13
2021-11-24 09:08:50,642 - basicLogger - ERROR - Could not find WF at index 94
2021-11-24 09:08:54,944 - basicLogger - INFO - Retrieving MW at index 19
2021-11-24 09:08:55,922 - basicLogger - INFO - Retrieving WF at index 95
2021-11-24 09:08:55,945 - basicLogger - ERROR - Could not find WF at index 19
2021-11-24 09:08:56,923 - basicLogger - ERROR - Could not find WF at index 95
2021-11-24 09:09:00,265 - basicLogger - INFO - Retrieving MW at index 28
2021-11-24 09:09:01,268 - basicLogger - ERROR - Could not find WF at index 28
2021-11-24 09:09:01,274 - basicLogger - INFO - Retrieving WF at index 99
2021-11-24 09:09:02,275 - basicLogger - ERROR - Could not find WF at index 99
2021-11-24 09:09:05,552 - basicLogger - INFO - Retrieving MW at index 69
2021-11-24 09:09:06,553 - basicLogger - ERROR - Could not find WF at index 69
2021-11-24 09:09:06,574 - basicLogger - INFO - Retrieving WF at index 40
2021-11-24 09:09:07,574 - basicLogger - ERROR - Could not find WF at index 40
2021-11-24 09:09:10,849 - basicLogger - INFO - Retrieving MW at index 65
2021-11-24 09:09:11,850 - basicLogger - ERROR - Could not find WF at index 65
2021-11-24 09:09:11,883 - basicLogger - INFO - Retrieving WF at index 5
2021-11-24 09:09:12,884 - basicLogger - ERROR - Could not find WF at index 5
2021-11-24 09:09:16,108 - basicLogger - INFO - Retrieving MW at index 90
2021-11-24 09:09:17,109 - basicLogger - ERROR - Could not find WF at index 90
2021-11-24 09:09:18,157 - basicLogger - INFO - Retrieving WF at index 56
2021-11-24 09:09:19,157 - basicLogger - ERROR - Could not find WF at index 56
2021-11-24 09:09:21,403 - basicLogger - INFO - Retrieving MW at index 28
2021-11-24 09:09:22,404 - basicLogger - ERROR - Could not find WF at index 28
2021-11-24 09:09:23,458 - basicLogger - INFO - Retrieving WF at index 57
2021-11-24 09:09:24,459 - basicLogger - ERROR - Could not find WF at index 57
2021-11-24 09:09:26,672 - basicLogger - INFO - Retrieving MW at index 80
2021-11-24 09:09:27,673 - basicLogger - ERROR - Could not find WF at index 80
2021-11-24 09:09:28,713 - basicLogger - INFO - Retrieving WF at index 29
2021-11-24 09:09:29,714 - basicLogger - ERROR - Could not find WF at index 29
2021-11-24 09:09:31,984 - basicLogger - INFO - Retrieving MW at index 15
2021-11-24 09:09:32,984 - basicLogger - ERROR - Could not find WF at index 15
2021-11-24 09:09:34,149 - basicLogger - INFO - Retrieving WF at index 26
2021-11-24 09:09:35,150 - basicLogger - ERROR - Could not find WF at index 26
2021-11-24 09:09:38,600 - basicLogger - INFO - Retrieving MW at index 0
2021-11-24 09:09:39,511 - basicLogger - INFO - Retrieving WF at index 93
2021-11-24 09:09:39,601 - basicLogger - ERROR - Could not find WF at index 0
2021-11-24 09:09:40,512 - basicLogger - ERROR - Could not find WF at index 93
2021-11-24 09:09:44,168 - basicLogger - INFO - Retrieving MW at index 74
2021-11-24 09:09:45,153 - basicLogger - INFO - Retrieving WF at index 59
2021-11-24 09:09:45,169 - basicLogger - ERROR - Could not find WF at index 74
2021-11-24 09:09:46,153 - basicLogger - ERROR - Could not find WF at index 59
2021-11-24 09:09:49,474 - basicLogger - INFO - Retrieving MW at index 71
2021-11-24 09:09:50,474 - basicLogger - ERROR - Could not find WF at index 71
2021-11-24 09:09:50,509 - basicLogger - INFO - Retrieving WF at index 5
2021-11-24 09:09:51,510 - basicLogger - ERROR - Could not find WF at index 5
2021-11-24 09:09:54,750 - basicLogger - INFO - Retrieving MW at index 1
2021-11-24 09:09:55,751 - basicLogger - ERROR - Could not find WF at index 1
2021-11-24 09:09:55,773 - basicLogger - INFO - Retrieving WF at index 56
2021-11-24 09:09:56,774 - basicLogger - ERROR - Could not find WF at index 56
2021-11-24 09:10:00,019 - basicLogger - INFO - Retrieving MW at index 7
2021-11-24 09:10:01,020 - basicLogger - ERROR - Could not find WF at index 7
2021-11-24 09:10:01,032 - basicLogger - INFO - Retrieving WF at index 90
2021-11-24 09:10:02,032 - basicLogger - ERROR - Could not find WF at index 90
2021-11-24 09:10:05,293 - basicLogger - INFO - Retrieving MW at index 42
2021-11-24 09:10:06,293 - basicLogger - ERROR - Could not find WF at index 42
2021-11-24 09:10:06,300 - basicLogger - INFO - Retrieving WF at index 77
2021-11-24 09:10:07,301 - basicLogger - ERROR - Could not find WF at index 77
2021-11-24 09:10:10,551 - basicLogger - INFO - Retrieving MW at index 35
2021-11-24 09:10:11,552 - basicLogger - ERROR - Could not find WF at index 35
2021-11-24 09:10:11,566 - basicLogger - INFO - Retrieving WF at index 89
2021-11-24 09:10:12,567 - basicLogger - ERROR - Could not find WF at index 89
2021-11-24 09:10:15,828 - basicLogger - INFO - Retrieving MW at index 62
2021-11-24 09:10:16,828 - basicLogger - ERROR - Could not find WF at index 62
2021-11-24 09:10:16,842 - basicLogger - INFO - Retrieving WF at index 52
2021-11-24 09:10:17,842 - basicLogger - ERROR - Could not find WF at index 52
2021-11-24 09:10:21,079 - basicLogger - INFO - Retrieving MW at index 1
2021-11-24 09:10:22,084 - basicLogger - ERROR - Could not find WF at index 1
2021-11-24 09:10:22,104 - basicLogger - INFO - Retrieving WF at index 91
2021-11-24 09:10:23,105 - basicLogger - ERROR - Could not find WF at index 91
2021-11-24 09:10:26,370 - basicLogger - INFO - Retrieving MW at index 30
2021-11-24 09:10:27,366 - basicLogger - INFO - Retrieving WF at index 49
2021-11-24 09:10:27,370 - basicLogger - ERROR - Could not find WF at index 30
2021-11-24 09:10:28,367 - basicLogger - ERROR - Could not find WF at index 49
2021-11-24 09:10:31,684 - basicLogger - INFO - Retrieving MW at index 81
2021-11-24 09:10:32,684 - basicLogger - INFO - Retrieving WF at index 31
2021-11-24 09:10:32,685 - basicLogger - ERROR - Could not find WF at index 81
2021-11-24 09:10:33,685 - basicLogger - ERROR - Could not find WF at index 31
2021-11-24 09:10:36,979 - basicLogger - INFO - Retrieving MW at index 58
2021-11-24 09:10:37,974 - basicLogger - INFO - Retrieving WF at index 17
2021-11-24 09:10:37,980 - basicLogger - ERROR - Could not find WF at index 58
2021-11-24 09:10:38,974 - basicLogger - ERROR - Could not find WF at index 17
2021-11-24 09:10:42,311 - basicLogger - INFO - Retrieving MW at index 50
2021-11-24 09:10:43,311 - basicLogger - ERROR - Could not find WF at index 50
2021-11-24 09:10:52,613 - basicLogger - INFO - Retrieving MW at index 50
2021-11-24 09:10:52,614 - basicLogger - INFO - Retrieving WF at index 67
2021-11-24 09:10:53,614 - basicLogger - ERROR - Could not find WF at index 50
2021-11-24 09:10:53,616 - basicLogger - ERROR - Could not find WF at index 67
2021-11-24 09:10:58,399 - basicLogger - INFO - Retrieving MW at index 62
2021-11-24 09:10:58,418 - basicLogger - INFO - Retrieving WF at index 81
2021-11-24 09:10:59,400 - basicLogger - ERROR - Could not find WF at index 62
2021-11-24 09:10:59,419 - basicLogger - ERROR - Could not find WF at index 81
2021-11-24 09:11:03,983 - basicLogger - INFO - Retrieving MW at index 78
2021-11-24 09:11:03,990 - basicLogger - INFO - Retrieving WF at index 40
2021-11-24 09:11:04,985 - basicLogger - ERROR - Could not find WF at index 78
2021-11-24 09:11:04,991 - basicLogger - ERROR - Could not find WF at index 40
2021-11-24 09:11:09,294 - basicLogger - INFO - Retrieving MW at index 7
2021-11-24 09:11:09,308 - basicLogger - INFO - Retrieving WF at index 88
2021-11-24 09:11:10,295 - basicLogger - ERROR - Could not find WF at index 7
2021-11-24 09:11:10,309 - basicLogger - ERROR - Could not find WF at index 88
2021-11-24 09:11:14,607 - basicLogger - INFO - Retrieving MW at index 11
2021-11-24 09:11:15,607 - basicLogger - ERROR - Could not find WF at index 11
2021-11-24 09:11:15,636 - basicLogger - INFO - Retrieving WF at index 21
2021-11-24 09:11:16,637 - basicLogger - ERROR - Could not find WF at index 21
2021-11-24 09:11:19,889 - basicLogger - INFO - Retrieving MW at index 75
2021-11-24 09:11:20,890 - basicLogger - ERROR - Could not find WF at index 75
2021-11-24 09:11:20,901 - basicLogger - INFO - Retrieving WF at index 29
2021-11-24 09:11:23,554 - basicLogger - ERROR - Could not find WF at index 29
2021-11-24 09:11:25,179 - basicLogger - INFO - Retrieving MW at index 2
2021-11-24 09:11:26,182 - basicLogger - ERROR - Could not find WF at index 2
2021-11-24 09:11:30,202 - basicLogger - INFO - Retrieving WF at index 34
2021-11-24 09:11:31,207 - basicLogger - ERROR - Could not find WF at index 34
2021-11-24 09:11:33,544 - basicLogger - INFO - Retrieving MW at index 78
2021-11-24 09:11:34,550 - basicLogger - ERROR - Could not find WF at index 78
2021-11-24 09:11:36,096 - basicLogger - INFO - Retrieving WF at index 20
2021-11-24 09:11:37,101 - basicLogger - ERROR - Could not find WF at index 20
2021-11-24 09:11:38,834 - basicLogger - INFO - Retrieving MW at index 2
2021-11-24 09:11:41,357 - basicLogger - INFO - Retrieving WF at index 41
2021-11-24 09:11:42,362 - basicLogger - ERROR - Could not find WF at index 41
2021-11-24 09:11:43,392 - basicLogger - INFO - Retrieving MW at index 32
2021-11-24 09:11:44,397 - basicLogger - ERROR - Could not find WF at index 32
2021-11-24 09:11:46,658 - basicLogger - INFO - Retrieving WF at index 51
2021-11-24 09:11:47,678 - basicLogger - ERROR - Could not find WF at index 51
2021-11-24 09:11:48,692 - basicLogger - INFO - Retrieving MW at index 45
2021-11-24 09:11:49,700 - basicLogger - ERROR - Could not find WF at index 45
2021-11-24 09:11:51,960 - basicLogger - INFO - Retrieving WF at index 23
2021-11-24 09:11:53,988 - basicLogger - INFO - Retrieving MW at index 83
2021-11-24 09:11:54,998 - basicLogger - ERROR - Could not find WF at index 83
2021-11-24 09:11:56,273 - basicLogger - INFO - Retrieving WF at index 26
2021-11-24 09:11:59,276 - basicLogger - INFO - Retrieving MW at index 91
2021-11-24 09:12:00,284 - basicLogger - ERROR - Could not find WF at index 91
2021-11-24 09:12:01,280 - basicLogger - INFO - Retrieving WF at index 49
2021-11-24 09:12:02,287 - basicLogger - ERROR - Could not find WF at index 49
2021-11-24 09:12:04,535 - basicLogger - INFO - Retrieving MW at index 83
2021-11-24 09:12:05,545 - basicLogger - ERROR - Could not find WF at index 83
2021-11-24 09:12:06,577 - basicLogger - INFO - Retrieving WF at index 3
2021-11-24 09:12:09,828 - basicLogger - INFO - Retrieving MW at index 2
2021-11-24 09:12:11,854 - basicLogger - INFO - Retrieving WF at index 18
2021-11-24 09:12:14,101 - basicLogger - INFO - Retrieving MW at index 84
2021-11-24 09:12:15,109 - basicLogger - ERROR - Could not find WF at index 84
2021-11-24 09:12:16,373 - basicLogger - INFO - Retrieving WF at index 0
2021-11-24 09:12:19,445 - basicLogger - INFO - Retrieving MW at index 94
2021-11-24 09:12:20,453 - basicLogger - ERROR - Could not find WF at index 94
2021-11-24 09:12:21,467 - basicLogger - INFO - Retrieving WF at index 68
2021-11-24 09:12:22,475 - basicLogger - ERROR - Could not find WF at index 68
2021-11-24 09:12:24,731 - basicLogger - INFO - Retrieving MW at index 70
2021-11-24 09:12:25,740 - basicLogger - ERROR - Could not find WF at index 70
2021-11-24 09:12:26,773 - basicLogger - INFO - Retrieving WF at index 80
2021-11-24 09:12:27,782 - basicLogger - ERROR - Could not find WF at index 80
2021-11-24 09:12:30,035 - basicLogger - INFO - Retrieving MW at index 77
2021-11-24 09:12:31,043 - basicLogger - ERROR - Could not find WF at index 77
2021-11-24 09:12:32,078 - basicLogger - INFO - Retrieving WF at index 13
2021-11-24 09:12:35,332 - basicLogger - INFO - Retrieving MW at index 90
2021-11-24 09:12:36,341 - basicLogger - ERROR - Could not find WF at index 90
2021-11-24 09:12:37,362 - basicLogger - INFO - Retrieving WF at index 97
2021-11-24 09:12:38,372 - basicLogger - ERROR - Could not find WF at index 97
2021-11-24 09:12:40,657 - basicLogger - INFO - Retrieving MW at index 95
2021-11-24 09:12:41,665 - basicLogger - ERROR - Could not find WF at index 95
2021-11-24 09:12:42,705 - basicLogger - INFO - Retrieving WF at index 14
2021-11-24 09:12:45,950 - basicLogger - INFO - Retrieving MW at index 70
2021-11-24 09:12:46,957 - basicLogger - ERROR - Could not find WF at index 70
2021-11-24 09:12:47,000 - basicLogger - INFO - Retrieving WF at index 77
2021-11-24 09:12:48,008 - basicLogger - ERROR - Could not find WF at index 77
2021-11-24 09:12:51,356 - basicLogger - INFO - Retrieving MW at index 52
2021-11-24 09:12:52,356 - basicLogger - INFO - Retrieving WF at index 37
2021-11-24 09:12:52,364 - basicLogger - ERROR - Could not find WF at index 52
2021-11-24 09:12:57,799 - basicLogger - INFO - Retrieving MW at index 26
2021-11-24 09:12:57,800 - basicLogger - INFO - Retrieving WF at index 96
2021-11-24 09:12:58,812 - basicLogger - ERROR - Could not find WF at index 96
2021-11-24 09:13:04,450 - basicLogger - INFO - Retrieving MW at index 15
2021-11-24 09:13:04,464 - basicLogger - INFO - Retrieving WF at index 19
2021-11-24 09:13:09,212 - basicLogger - INFO - Retrieving MW at index 64
2021-11-24 09:13:09,227 - basicLogger - INFO - Retrieving WF at index 21
2021-11-24 09:13:10,218 - basicLogger - ERROR - Could not find WF at index 64
2021-11-24 09:13:13,503 - basicLogger - INFO - Retrieving WF at index 94
2021-11-24 09:13:14,478 - basicLogger - INFO - Retrieving MW at index 84
2021-11-24 09:13:14,511 - basicLogger - ERROR - Could not find WF at index 94
2021-11-24 09:13:15,486 - basicLogger - ERROR - Could not find WF at index 84
2021-11-24 09:13:18,760 - basicLogger - INFO - Retrieving WF at index 81
2021-11-24 09:13:19,737 - basicLogger - INFO - Retrieving MW at index 79
2021-11-24 09:13:19,768 - basicLogger - ERROR - Could not find WF at index 81
2021-11-24 09:13:20,743 - basicLogger - ERROR - Could not find WF at index 79
2021-11-24 09:13:24,382 - basicLogger - INFO - Retrieving WF at index 53
2021-11-24 09:13:25,014 - basicLogger - INFO - Retrieving MW at index 23
2021-11-24 09:13:25,393 - basicLogger - ERROR - Could not find WF at index 53
2021-11-24 09:13:29,283 - basicLogger - INFO - Retrieving MW at index 90
2021-11-24 09:13:29,654 - basicLogger - INFO - Retrieving WF at index 36
2021-11-24 09:13:30,292 - basicLogger - ERROR - Could not find WF at index 90
2021-11-24 09:13:33,943 - basicLogger - INFO - Retrieving WF at index 78
2021-11-24 09:13:34,545 - basicLogger - INFO - Retrieving MW at index 32
2021-11-24 09:13:34,951 - basicLogger - ERROR - Could not find WF at index 78
2021-11-24 09:13:38,814 - basicLogger - INFO - Retrieving MW at index 5
2021-11-24 09:13:39,196 - basicLogger - INFO - Retrieving WF at index 63
2021-11-24 09:13:40,203 - basicLogger - ERROR - Could not find WF at index 63
2021-11-24 09:13:43,073 - basicLogger - INFO - Retrieving MW at index 73
2021-11-24 09:13:44,080 - basicLogger - ERROR - Could not find WF at index 73
2021-11-24 09:13:44,460 - basicLogger - INFO - Retrieving WF at index 87
2021-11-24 09:13:45,467 - basicLogger - ERROR - Could not find WF at index 87
2021-11-24 09:13:48,353 - basicLogger - INFO - Retrieving MW at index 67
2021-11-24 09:13:49,362 - basicLogger - ERROR - Could not find WF at index 67
2021-11-24 09:13:49,708 - basicLogger - INFO - Retrieving WF at index 13
2021-11-24 09:13:53,633 - basicLogger - INFO - Retrieving MW at index 57
2021-11-24 09:13:53,980 - basicLogger - INFO - Retrieving WF at index 49
2021-11-24 09:13:54,644 - basicLogger - ERROR - Could not find WF at index 57
2021-11-24 09:13:58,285 - basicLogger - INFO - Retrieving WF at index 55
2021-11-24 09:13:58,906 - basicLogger - INFO - Retrieving MW at index 75
2021-11-24 09:13:59,294 - basicLogger - ERROR - Could not find WF at index 55
2021-11-24 09:13:59,916 - basicLogger - ERROR - Could not find WF at index 75
2021-11-24 09:14:03,575 - basicLogger - INFO - Retrieving WF at index 97
2021-11-24 09:14:04,170 - basicLogger - INFO - Retrieving MW at index 16
2021-11-24 09:14:04,581 - basicLogger - ERROR - Could not find WF at index 97
2021-11-24 09:14:08,436 - basicLogger - INFO - Retrieving MW at index 2
2021-11-24 09:14:08,842 - basicLogger - INFO - Retrieving WF at index 6
2021-11-24 09:14:12,714 - basicLogger - INFO - Retrieving MW at index 33
2021-11-24 09:14:13,130 - basicLogger - INFO - Retrieving WF at index 73
2021-11-24 09:14:14,139 - basicLogger - ERROR - Could not find WF at index 73
2021-11-24 09:14:16,979 - basicLogger - INFO - Retrieving MW at index 82
2021-11-24 09:14:17,986 - basicLogger - ERROR - Could not find WF at index 82
2021-11-24 09:14:18,404 - basicLogger - INFO - Retrieving WF at index 84
2021-11-24 09:14:19,412 - basicLogger - ERROR - Could not find WF at index 84
2021-11-24 09:14:22,244 - basicLogger - INFO - Retrieving MW at index 75
2021-11-24 09:14:23,256 - basicLogger - ERROR - Could not find WF at index 75
2021-11-24 09:14:23,681 - basicLogger - INFO - Retrieving WF at index 97
2021-11-24 09:14:24,688 - basicLogger - ERROR - Could not find WF at index 97
2021-11-24 09:14:27,519 - basicLogger - INFO - Retrieving MW at index 42
2021-11-24 09:14:28,934 - basicLogger - INFO - Retrieving WF at index 88
2021-11-24 09:14:29,944 - basicLogger - ERROR - Could not find WF at index 88
2021-11-24 09:14:31,797 - basicLogger - INFO - Retrieving MW at index 51
2021-11-24 09:14:32,804 - basicLogger - ERROR - Could not find WF at index 51
2021-11-24 09:14:34,239 - basicLogger - INFO - Retrieving WF at index 23
2021-11-24 09:14:37,046 - basicLogger - INFO - Retrieving MW at index 29
2021-11-24 09:14:38,505 - basicLogger - INFO - Retrieving WF at index 22
2021-11-24 09:14:41,639 - basicLogger - INFO - Retrieving MW at index 96
2021-11-24 09:14:42,646 - basicLogger - ERROR - Could not find WF at index 96
2021-11-24 09:14:43,965 - basicLogger - INFO - Retrieving WF at index 40
2021-11-24 09:14:47,988 - basicLogger - INFO - Retrieving MW at index 63
2021-11-24 09:14:48,220 - basicLogger - INFO - Retrieving WF at index 74
2021-11-24 09:14:48,994 - basicLogger - ERROR - Could not find WF at index 63
2021-11-24 09:14:49,226 - basicLogger - ERROR - Could not find WF at index 74
2021-11-24 09:14:53,266 - basicLogger - INFO - Retrieving MW at index 38
2021-11-24 09:14:53,503 - basicLogger - INFO - Retrieving WF at index 31
2021-11-24 09:14:57,569 - basicLogger - INFO - Retrieving MW at index 52
2021-11-24 09:14:57,799 - basicLogger - INFO - Retrieving WF at index 8
2021-11-24 09:14:58,578 - basicLogger - ERROR - Could not find WF at index 52
2021-11-24 09:15:02,081 - basicLogger - INFO - Retrieving WF at index 39
2021-11-24 09:15:02,828 - basicLogger - INFO - Retrieving MW at index 24
2021-11-24 09:15:06,337 - basicLogger - INFO - Retrieving WF at index 54
2021-11-24 09:15:07,092 - basicLogger - INFO - Retrieving MW at index 60
2021-11-24 09:15:07,349 - basicLogger - ERROR - Could not find WF at index 54
2021-11-24 09:15:08,100 - basicLogger - ERROR - Could not find WF at index 60
2021-11-24 09:15:11,620 - basicLogger - INFO - Retrieving WF at index 30
2021-11-24 09:15:12,378 - basicLogger - INFO - Retrieving MW at index 28
2021-11-24 09:15:15,907 - basicLogger - INFO - Retrieving WF at index 0
2021-11-24 09:15:16,662 - basicLogger - INFO - Retrieving MW at index 68
2021-11-24 09:15:17,669 - basicLogger - ERROR - Could not find WF at index 68
2021-11-24 09:15:20,193 - basicLogger - INFO - Retrieving WF at index 31
2021-11-24 09:15:21,930 - basicLogger - INFO - Retrieving MW at index 96
2021-11-24 09:15:22,937 - basicLogger - ERROR - Could not find WF at index 96
2021-11-24 09:15:24,504 - basicLogger - INFO - Retrieving WF at index 28
2021-11-24 09:15:27,194 - basicLogger - INFO - Retrieving MW at index 99
2021-11-24 09:15:28,202 - basicLogger - ERROR - Could not find WF at index 99
2021-11-24 09:15:28,775 - basicLogger - INFO - Retrieving WF at index 2
2021-11-24 09:15:32,489 - basicLogger - INFO - Retrieving MW at index 91
2021-11-24 09:15:33,034 - basicLogger - INFO - Retrieving WF at index 98
2021-11-24 09:15:33,495 - basicLogger - ERROR - Could not find WF at index 91
2021-11-24 09:15:34,040 - basicLogger - ERROR - Could not find WF at index 98
2021-11-24 09:15:37,822 - basicLogger - INFO - Retrieving MW at index 68
2021-11-24 09:15:38,349 - basicLogger - INFO - Retrieving WF at index 43
2021-11-24 09:15:38,829 - basicLogger - ERROR - Could not find WF at index 68
2021-11-24 09:15:42,616 - basicLogger - INFO - Retrieving WF at index 97
2021-11-24 09:15:43,105 - basicLogger - INFO - Retrieving MW at index 45
2021-11-24 09:15:43,623 - basicLogger - ERROR - Could not find WF at index 97
2021-11-24 09:15:47,379 - basicLogger - INFO - Retrieving MW at index 69
2021-11-24 09:15:47,902 - basicLogger - INFO - Retrieving WF at index 79
2021-11-24 09:15:48,388 - basicLogger - ERROR - Could not find WF at index 69
2021-11-24 09:15:48,910 - basicLogger - ERROR - Could not find WF at index 79
2021-11-24 09:15:52,667 - basicLogger - INFO - Retrieving MW at index 53
2021-11-24 09:15:53,186 - basicLogger - INFO - Retrieving WF at index 20
2021-11-24 09:15:53,674 - basicLogger - ERROR - Could not find WF at index 53
2021-11-24 09:16:00,896 - basicLogger - INFO - Retrieving WF at index 17
2021-11-24 09:16:03,153 - basicLogger - INFO - Retrieving MW at index 61
2021-11-24 09:16:03,824 - basicLogger - INFO - Retrieving WF at index 17
2021-11-24 09:16:03,828 - basicLogger - INFO - Retrieving MW at index 61
2021-11-24 09:16:04,162 - basicLogger - ERROR - Could not find WF at index 61
2021-11-24 09:16:04,836 - basicLogger - ERROR - Could not find WF at index 61
2021-11-24 09:16:08,223 - basicLogger - INFO - Retrieving WF at index 6
2021-11-24 09:16:13,498 - basicLogger - INFO - Retrieving WF at index 83
2021-11-24 09:16:13,498 - basicLogger - INFO - Retrieving MW at index 51
2021-11-24 09:16:14,504 - basicLogger - ERROR - Could not find WF at index 51
2021-11-24 09:16:14,511 - basicLogger - ERROR - Could not find WF at index 83
